ASxxxx Assembler V02.00 + NoICE + SDCC mods  (STMicroelectronics STM8), page 1.
Hexadecimal [24-Bits]



                                      1 ;;
                                      2 ; Copyright Jacques Deschênes 2019 
                                      3 ; This file is part of STM8_NUCLEO 
                                      4 ;
                                      5 ;     STM8_NUCLEO is free software: you can redistribute it and/or modify
                                      6 ;     it under the terms of the GNU General Public License as published by
                                      7 ;     the Free Software Foundation, either version 3 of the License, or
                                      8 ;     (at your option) any later version.
                                      9 ;
                                     10 ;     STM8_NUCLEO is distributed in the hope that it will be useful,
                                     11 ;     but WITHOUT ANY WARRANTY; without even the implied warranty of
                                     12 ;     MERCHANTABILITY or FITNESS FOR A PARTICULAR PURPOSE.  See the
                                     13 ;     GNU General Public License for more details.
                                     14 ;
                                     15 ;     You should have received a copy of the GNU General Public License
                                     16 ;     along with STM8_NUCLEO.  If not, see <http://www.gnu.org/licenses/>.
                                     17 ;;
                                     18 ;--------------------------------------
                                     19 ;   UART peripherals module
                                     20 ;   DATE: 2019-11-29
                                     21 ;   NOTE: global routines interface designed 
                                     22 ;         to be callable from C with the
                                     23 ;         prototype given. SDCC for stm8 
                                     24 ;         pass functions arguments on stack
                                     25 ;         pushed from right to left.
                                     26 ;--------------------------------------
                                     27     .module UART
                                     28 
                                        	.include "../../inc/nucleo_8s208.inc"
                                        ;;
                                        ; Copyright Jacques Deschênes 2019 
                                        ; This file is part of MONA 
                                        ;
                                        ;     MONA is free software: you can redistribute it and/or modify
                                        ;     it under the terms of the GNU General Public License as published by
                                        ;     the Free Software Foundation, either version 3 of the License, or
                                        ;     (at your option) any later version.
                                        ;
                                        ;     MONA is distributed in the hope that it will be useful,
                                        ;     but WITHOUT ANY WARRANTY; without even the implied warranty of
                                        ;     MERCHANTABILITY or FITNESS FOR A PARTICULAR PURPOSE.  See the
                                        ;     GNU General Public License for more details.
                                        ;
                                        ;     You should have received a copy of the GNU General Public License
                                        ;     along with MONA.  If not, see <http://www.gnu.org/licenses/>.
                                        ;;
                                        ;;;;;;;;;;;;;;;;;;;;;;;;;;;;;;;;;;;;;;;;;;;;;;;;;
                                        ; NUCLEO-8S208RB board specific definitions
                                        ; Date: 2019/10/29
                                        ; author: Jacques Deschênes, copyright 2018,2019
                                        ; licence: GPLv3
                                        ;;;;;;;;;;;;;;;;;;;;;;;;;;;;;;;;;;;;;;;;;;;;;;;;;;
                                        
                                        ; mcu on board is stm8s208rbt6
                                        
                                        ; crystal on board is 8Mhz
                                 
                                        
                                        ; LED2 is user LED
                                        ; connected to PC5 via Q2 -> 2N7002 MOSFET
                                 
                                 
                                 
                                        
                                        ; B1 on schematic is user button
                                        ; connected to PE4
                                        ; external pullup resistor R6 4k7 and debounce capacitor C5 100nF
                                 
                                 
                                 
                                        
                                        
                                        	.include "../../inc/stm8s208.inc"
                                        ;;
                                        ; Copyright Jacques Deschênes 2019 
                                        ; This file is part of MONA 
                                        ;
                                        ;     MONA is free software: you can redistribute it and/or modify
                                        ;     it under the terms of the GNU General Public License as published by
                                        ;     the Free Software Foundation, either version 3 of the License, or
                                        ;     (at your option) any later version.
                                        ;
                                        ;     MONA is distributed in the hope that it will be useful,
                                        ;     but WITHOUT ANY WARRANTY; without even the implied warranty of
                                        ;     MERCHANTABILITY or FITNESS FOR A PARTICULAR PURPOSE.  See the
                                        ;     GNU General Public License for more details.
                                        ;
                                        ;     You should have received a copy of the GNU General Public License
                                        ;     along with MONA.  If not, see <http://www.gnu.org/licenses/>.
                                        ;;
                                        ;;;;;;;;;;;;;;;;;;;;;;;;;;;;;;;;;;;
                                        ; 2019/10/18
                                        ; STM8S208RB µC registers map
                                        ; sdas source file
                                        ; author: Jacques Deschênes, copyright 2018,2019
                                        ; licence: GPLv3
                                        ;;;;;;;;;;;;;;;;;;;;;;;;;;;;;;;;;;;;
                                        	.module stm8s208rb
                                        
                                        ;;;;;;;;;;;;
                                        ; bits
                                        ;;;;;;;;;;;;
                                 
                                 
                                 
                                 
                                 
                                 
                                 
                                 
                                         	
                                        ;;;;;;;;;;;;
                                        ; bits masks
                                        ;;;;;;;;;;;;
                                 
                                 
                                 
                                 
                                 
                                 
                                 
                                 
                                        
                                        ; HSI oscillator frequency 16Mhz
                                 
                                        ; LSI oscillator frequency 128Khz
                                 
                                        
                                        ; controller memory regions
                                 
                                 
                                        ; STM8S208RB have 128K flash
                                 
                                        
                                 
                                 
                                 
                                 
                                 
                                 
                                 
                                 
                                 
                                 
                                 
                                 
                                 
                                 
                                 
                                 
                                        
                                        ; options bytes
                                        ; this one can be programmed only from SWIM  (ICP)
                                 
                                        ; these can be programmed at runtime (IAP)
                                 
                                 
                                 
                                 
                                 
                                 
                                 
                                 
                                 
                                 
                                 
                                 
                                 
                                 
                                 
                                 
                                        ; option registers usage
                                        ; read out protection, value 0xAA enable ROP
                                 
                                        ; user boot code, {0..0x3e} 512 bytes row
                                 
                                 
                                        ; alternate function register
                                 
                                 
                                        ; miscelinous options
                                 
                                 
                                        ; clock options
                                 
                                 
                                        ; HSE clock startup delay
                                 
                                 
                                        ; flash wait state
                                 
                                 
                                        
                                        ; watchdog options bits
                                 
                                 
                                 
                                 
                                        ; NWDGOPT bits
                                 
                                 
                                 
                                 
                                        
                                        ; CLKOPT bits
                                 
                                 
                                 
                                 
                                        
                                        ; AFR option, remapable functions
                                 
                                 
                                 
                                 
                                 
                                 
                                 
                                 
                                        
                                        ; device ID = (read only)
                                 
                                 
                                 
                                 
                                 
                                 
                                 
                                 
                                 
                                 
                                 
                                 
                                        
                                        
                                 
                                 
                                        ; PORTS SFR OFFSET
                                 
                                 
                                 
                                 
                                 
                                 
                                 
                                        
                                        ; GPIO
                                        ; gpio register offset to base
                                 
                                 
                                 
                                 
                                 
                                        
                                        ; port A
                                 
                                 
                                 
                                 
                                 
                                 
                                        ; port B
                                 
                                 
                                 
                                 
                                 
                                 
                                        ; port C
                                 
                                 
                                 
                                 
                                 
                                 
                                        ; port D
                                 
                                 
                                 
                                 
                                 
                                 
                                        ; port E
                                 
                                 
                                 
                                 
                                 
                                 
                                        ; port F
                                 
                                 
                                 
                                 
                                 
                                 
                                        ; port G
                                 
                                 
                                 
                                 
                                 
                                 
                                        ; port H not present on LQFP48/LQFP64 package
                                 
                                 
                                 
                                 
                                 
                                 
                                        ; port I ; only bit 0 on LQFP64 package, not present on LQFP48
                                 
                                 
                                 
                                 
                                 
                                 
                                        
                                        ; input modes CR1
                                 
                                 
                                        ; output mode CR1
                                 
                                 
                                        ; input modes CR2
                                 
                                 
                                        ; output speed CR2
                                 
                                 
                                        
                                        
                                        ; Flash memory
                                 
                                 
                                 
                                 
                                 
                                 
                                 
                                 
                                        ; data memory unlock keys
                                 
                                 
                                        ; flash memory unlock keys
                                 
                                 
                                        ; FLASH_CR1 bits
                                 
                                 
                                 
                                 
                                        ; FLASH_CR2 bits
                                 
                                 
                                 
                                 
                                 
                                        ; FLASH_FPR bits
                                 
                                 
                                 
                                 
                                 
                                 
                                        ; FLASH_NFPR bits
                                 
                                 
                                 
                                 
                                 
                                 
                                        ; FLASH_IAPSR bits
                                 
                                 
                                 
                                 
                                 
                                        
                                        ; Interrupt control
                                 
                                 
                                        
                                        ; Reset Status
                                 
                                        
                                        ; Clock Registers
                                 
                                 
                                 
                                 
                                 
                                 
                                 
                                 
                                 
                                 
                                 
                                 
                                        
                                        ; Peripherals clock gating
                                        ; CLK_PCKENR1 
                                 
                                 
                                 
                                 
                                 
                                 
                                 
                                 
                                        ; CLK_PCKENR2
                                 
                                 
                                 
                                        
                                        ; Clock bits
                                 
                                 
                                 
                                 
                                 
                                 
                                        
                                 
                                 
                                        ; clock source
                                 
                                 
                                 
                                        
                                 
                                 
                                 
                                 
                                        
                                 
                                 
                                 
                                 
                                 
                                        
                                        ; Watchdog
                                 
                                 
                                 
                                 
                                 
                                 
                                 
                                 
                                        
                                        ; Beeper
                                        ; beeper output is alternate function AFR7 on PD4
                                        ; connected to CN9-6
                                 
                                 
                                 
                                 
                                        
                                        ; SPI
                                 
                                 
                                 
                                 
                                 
                                 
                                 
                                 
                                        
                                        ; I2C
                                 
                                 
                                 
                                 
                                 
                                 
                                 
                                 
                                 
                                 
                                 
                                 
                                 
                                 
                                        
                                 
                                 
                                 
                                        
                                 
                                 
                                 
                                 
                                 
                                        
                                 
                                        
                                 
                                 
                                        
                                 
                                 
                                 
                                 
                                        
                                 
                                 
                                 
                                 
                                 
                                 
                                 
                                        
                                 
                                 
                                 
                                 
                                 
                                        
                                 
                                 
                                 
                                 
                                 
                                        
                                 
                                 
                                 
                                        
                                        ; Precalculated values, all in KHz
                                 
                                 
                                        ;
                                        ; Fast I2C mode max rise time = 300ns
                                        ; I2C_FREQR = 16 = (MHz) => tMASTER = 1/16 = 62.5 ns
                                        ; TRISER = = (300/62.5) + 1 = floor(4.8) + 1 = 5.
                                        
                                 
                                        
                                 
                                 
                                 
                                        
                                 
                                 
                                 
                                        
                                 
                                 
                                        ;
                                        ; Standard I2C mode max rise time = 1000ns
                                        ; I2C_FREQR = 16 = (MHz) => tMASTER = 1/16 = 62.5 ns
                                        ; TRISER = = (1000/62.5) + 1 = floor(16) + 1 = 17.
                                        
                                 
                                        
                                 
                                 
                                 
                                        
                                 
                                 
                                 
                                        
                                 
                                 
                                        
                                        ; baudrate constant for brr_value table access
                                        ; to be used by uart_init 
                                 
                                 
                                 
                                 
                                 
                                 
                                 
                                 
                                 
                                 
                                        
                                        ; UART registers offset from
                                        ; base address 
                                 
                                 
                                 
                                 
                                 
                                 
                                 
                                 
                                 
                                 
                                 
                                 
                                        
                                        ; uart identifier
                                        ; to be used by uart_init
                                 
                                 
                                        
                                        ; pins used by uart 
                                 
                                 
                                 
                                 
                                        ; uart port base address 
                                 
                                 
                                        
                                        ; UART1 
                                 
                                 
                                 
                                 
                                 
                                 
                                 
                                 
                                 
                                 
                                 
                                 
                                        
                                        ; UART3
                                 
                                 
                                 
                                 
                                 
                                 
                                 
                                 
                                 
                                 
                                        
                                        ; UART Status Register bits
                                 
                                 
                                 
                                 
                                 
                                 
                                 
                                 
                                        
                                        ; Uart Control Register bits
                                 
                                 
                                 
                                 
                                 
                                 
                                 
                                 
                                        
                                 
                                 
                                 
                                 
                                 
                                 
                                 
                                 
                                        
                                 
                                 
                                 
                                 
                                 
                                 
                                 
                                        
                                 
                                 
                                 
                                 
                                 
                                 
                                 
                                        
                                 
                                 
                                 
                                 
                                 
                                        ; LIN mode config register
                                 
                                 
                                 
                                 
                                 
                                 
                                        
                                        ; TIMERS
                                        ; Timer 1 - 16-bit timer with complementary PWM outputs
                                 
                                 
                                 
                                 
                                 
                                 
                                 
                                 
                                 
                                 
                                 
                                 
                                 
                                 
                                 
                                 
                                 
                                 
                                 
                                 
                                 
                                 
                                 
                                 
                                 
                                 
                                 
                                 
                                 
                                 
                                 
                                 
                                        
                                        ; Timer Control Register bits
                                 
                                 
                                 
                                 
                                 
                                 
                                 
                                 
                                        
                                 
                                 
                                 
                                 
                                 
                                        
                                        ; Timer Slave Mode Control bits
                                 
                                 
                                 
                                 
                                 
                                 
                                 
                                        
                                        ; Timer External Trigger Enable bits
                                 
                                 
                                 
                                 
                                 
                                 
                                 
                                 
                                        
                                        ; Timer Interrupt Enable bits
                                 
                                 
                                 
                                 
                                 
                                 
                                 
                                 
                                        
                                        ; Timer Status Register bits
                                 
                                 
                                 
                                 
                                 
                                 
                                 
                                 
                                        
                                 
                                 
                                 
                                 
                                        
                                        ; Timer Event Generation Register bits
                                 
                                 
                                 
                                 
                                 
                                 
                                 
                                 
                                        
                                        ; Capture/Compare Mode Register 1 - channel configured in output
                                 
                                 
                                 
                                 
                                 
                                 
                                 
                                 
                                        
                                        ; Capture/Compare Mode Register 1 - channel configured in input
                                 
                                 
                                 
                                 
                                 
                                 
                                        ;  TIM1_CCMR1_CC1S1 = (1)
                                 
                                        
                                        ; Capture/Compare Mode Register 2 - channel configured in output
                                 
                                 
                                 
                                 
                                 
                                 
                                 
                                 
                                        
                                        ; Capture/Compare Mode Register 2 - channel configured in input
                                 
                                 
                                 
                                 
                                 
                                 
                                        ;  TIM1_CCMR2_CC2S1 = (1)
                                 
                                        
                                        ; Capture/Compare Mode Register 3 - channel configured in output
                                 
                                 
                                 
                                 
                                 
                                 
                                 
                                 
                                        
                                        ; Capture/Compare Mode Register 3 - channel configured in input
                                 
                                 
                                 
                                 
                                 
                                 
                                        ;  TIM1_CCMR3_CC3S1 = (1)
                                 
                                        
                                        ; Capture/Compare Mode Register 4 - channel configured in output
                                 
                                 
                                 
                                 
                                 
                                 
                                 
                                 
                                        
                                        ; Capture/Compare Mode Register 4 - channel configured in input
                                 
                                 
                                 
                                 
                                 
                                 
                                        ;  TIM1_CCMR4_CC4S1 = (1)
                                 
                                        
                                        ; Timer 2 - 16-bit timer
                                 
                                 
                                 
                                 
                                 
                                 
                                 
                                 
                                 
                                 
                                 
                                 
                                 
                                 
                                 
                                 
                                 
                                 
                                 
                                 
                                 
                                        
                                        ; Timer 3
                                 
                                 
                                 
                                 
                                 
                                 
                                 
                                 
                                 
                                 
                                 
                                 
                                 
                                 
                                 
                                 
                                 
                                        
                                        ; TIM3_CR1  fields
                                 
                                 
                                 
                                 
                                 
                                        ; TIM3_CCR2  fields
                                 
                                 
                                 
                                        ; TIM3_CCER1 fields
                                 
                                 
                                 
                                 
                                        ; TIM3_CCER2 fields
                                 
                                 
                                        
                                        ; Timer 4
                                 
                                 
                                 
                                 
                                 
                                 
                                 
                                        
                                        ; Timer 4 bitmasks
                                        
                                 
                                 
                                 
                                 
                                 
                                        
                                 
                                        
                                 
                                        
                                 
                                        
                                 
                                 
                                 
                                        
                                 
                                 
                                 
                                 
                                 
                                 
                                 
                                 
                                        
                                        ; ADC2
                                 
                                 
                                 
                                 
                                 
                                 
                                 
                                 
                                         
                                        ; ADC bitmasks
                                        
                                 
                                 
                                 
                                 
                                 
                                 
                                 
                                 
                                        
                                 
                                 
                                 
                                 
                                 
                                        
                                 
                                 
                                 
                                 
                                 
                                        
                                 
                                 
                                        
                                        ; beCAN
                                 
                                 
                                 
                                 
                                 
                                 
                                 
                                 
                                 
                                 
                                 
                                 
                                 
                                 
                                 
                                 
                                 
                                 
                                 
                                 
                                 
                                 
                                 
                                 
                                        
                                        
                                        ; CPU
                                 
                                 
                                 
                                 
                                 
                                 
                                 
                                 
                                 
                                 
                                 
                                        
                                        ; global configuration register
                                 
                                 
                                 
                                        
                                        ; interrupt control registers
                                 
                                 
                                 
                                 
                                 
                                 
                                 
                                 
                                        
                                        ; SWIM, control and status register
                                 
                                        ; debug registers
                                 
                                 
                                 
                                 
                                 
                                 
                                 
                                 
                                 
                                 
                                 
                                        
                                        ; Interrupt Numbers
                                 
                                 
                                 
                                 
                                 
                                 
                                 
                                 
                                 
                                 
                                 
                                 
                                 
                                 
                                 
                                 
                                 
                                 
                                 
                                 
                                 
                                 
                                 
                                 
                                 
                                        
                                        ; Interrupt Vectors
                                 
                                 
                                 
                                 
                                 
                                 
                                 
                                 
                                 
                                 
                                 
                                 
                                 
                                 
                                 
                                 
                                 
                                 
                                 
                                 
                                 
                                 
                                 
                                 
                                 
                                 
                                 
                                        
                                        ; Condition code register bits
                                 
                                 
                                 
                                 
                                 
                                 
                                 
                                        	.include "../../inc/ascii.inc"
                                        ;;
                                        ; Copyright Jacques Deschênes 2019 
                                        ; This file is part of MONA 
                                        ;
                                        ;     MONA is free software: you can redistribute it and/or modify
                                        ;     it under the terms of the GNU General Public License as published by
                                        ;     the Free Software Foundation, either version 3 of the License, or
                                        ;     (at your option) any later version.
                                        ;
                                        ;     MONA is distributed in the hope that it will be useful,
                                        ;     but WITHOUT ANY WARRANTY; without even the implied warranty of
                                        ;     MERCHANTABILITY or FITNESS FOR A PARTICULAR PURPOSE.  See the
                                        ;     GNU General Public License for more details.
                                        ;
                                        ;     You should have received a copy of the GNU General Public License
                                        ;     along with MONA.  If not, see <http://www.gnu.org/licenses/>.
                                        ;;
                                        
                                        ;-------------------------------------------------------
                                        ;     ASCII control  values
                                        ;     CTRL_x   are VT100 keyboard values  
                                        ;-------------------------------------------------------
                                 
                                 
                                 
                                 
                                 
                                 
                                        
                                 
                                 
                                        
                                 
                                 
                                        
                                 
                                 
                                        
                                 
                                 
                                        
                                 
                                 
                                        
                                 
                                 
                                        
                                 
                                 
                                        
                                 
                                 
                                 
                                 
                                 
                                 
                                 
                                 
                                 
                                 
                                 
                                 
                                 
                                 
                                 
                                     33     .list 
                                     34 
                                     35     .area DATA 
                                     36 
                                     37     .area CODE 
      000000 55 41 52 54 00          38 .asciz "UART"
                                     39 ; contain uarts registers base address
      000005 52 30 52 40             40 uart_regs: .word UART1_BASE,UART3_BASE 
                                     41 
                                     42 ; baud rate constants for BRR1 and BRR2 
                                     43 ; Fcy=8Mhz , HSI
      000009                         44 baud_fcy8:
      000009 D0 05                   45     .byte 0xd0,0x05 ; 2400 
      00000B 68 03                   46     .byte 0x68,0x03 ; 4800
      00000D 34 01                   47     .byte 0x34,0x01 ; 9600
      00000F 1A 01                   48     .byte 0x1a,0x01 ; 19200
      000011 0D 00                   49     .byte 0x0d,0x00 ; 38400
      000013 08 0B                   50     .byte 0x08,0x0b ; 57600
      000015 04 05                   51     .byte 0x04,0x05 ; 115200 
      000017 02 03                   52     .byte 0x02,0x03 ; 230400
      000019 01 01                   53     .byte 0x01,0x01 ; 460800 
                                     54 ; Fcy=16Mhz, HSE maximum frequency
      00001B                         55 baud_fcy16:
      00001B A0 1B                   56     .byte 0xa0,0x1b ; 2400 
      00001D D0 05                   57     .byte 0xd0,0x05 ; 4800 
      00001F 68 03                   58     .byte 0x68,0x03 ; 9600
      000021 34 01                   59     .byte 0x34,0x01 ; 19200
      000023 1A 01                   60     .byte 0x1a,0x01 ; 38400
      000025 0D 00                   61     .byte 0x0d,0x00 ; 57600
      000027 08 0B                   62     .byte 0x08,0x0b ; 115200
      000029 04 05                   63     .byte 0x04,0x05 ; 230400 
      00002B 02 03                   64     .byte 0x02,0x03 ; 460800
      00002D 01 01                   65     .byte 0x01,0x01 ; 921600 
                                     66 
                                     67 ;--------------------------------------
                                     68 ; select uart base register
                                     69 ; private function 
                                     70 ; input:
                                     71 ;   A       UART_ID 
                                     72 ; output:
                                     73 ;   X       uart register base address
                                     74 ;-------------------------------------
                           000001    75     ACC16=1
                           000002    76     LOCAL_SIZE=2
ASxxxx Assembler V02.00 + NoICE + SDCC mods  (STMicroelectronics STM8), page 2.
Hexadecimal [24-Bits]



      00002F                         77 select_uart:
      00002F 52 02            [ 2]   78     sub sp,#LOCAL_SIZE
      000031 48               [ 1]   79     sll a 
      000032 6B 02            [ 1]   80     ld (ACC16+1,sp),a 
      000034 0F 01            [ 1]   81     clr (ACC16,sp) 
      000036 AE 00 05         [ 2]   82     ldw x,#uart_regs 
      000039 72 FB 01         [ 2]   83     addw x,(ACC16,sp)
      00003C FE               [ 2]   84     ldw x,(x)
      00003D 5B 02            [ 2]   85     addw sp,#LOCAL_SIZE 
      00003F 81               [ 4]   86     ret
                                     87 
                                     88 ;----------------------------------------------
                                     89 ; initialize UART peripheral
                                     90 ; initilialize config: 8N1 no flow control
                                     91 ; C prototype:  void uart_init(uint8_t baud,uint8_t uart_id)
                                     92 ; input:
                                     93 ;   baud        uint8_t baud
                                     94 ;   uart_id     uin8t_t uart selector {UART1,UART3}
                                     95 ; output:
                                     96 ;   none
                                     97 ;---------------------------------------------
                           000004    98     ARG_OFS=4  
                           000005    99     BAUD=ARG_OFS+1 
                           000006   100     UART=ARG_OFS+2
                                    101 ; local var 
                           000001   102     ACC16=1
                           000002   103     LOCAL_SIZE=2     
      000040                        104 _uart_init::
      000040                        105 uart_init::
      000040 52 02            [ 2]  106     sub sp,#LOCAL_SIZE 
      000042 0F 01            [ 1]  107     clr (ACC16,sp)
                                    108 ;configure port
      000044 7B 06            [ 1]  109     ld a,(UART,sp)
      000046 26 0E            [ 1]  110     jrne uart3
      000048                        111 uart1:
      000048 72 1A 50 02      [ 1]  112 	bset PA_DDR,#UART1_TX_PIN ; tx pin
      00004C 72 1A 50 03      [ 1]  113 	bset PA_CR1,#UART1_TX_PIN ; push-pull output
      000050 72 1A 50 04      [ 1]  114 	bset PA_CR2,#UART1_TX_PIN ; fast output
      000054 20 0C            [ 2]  115     jra config_baud 
      000056                        116 uart3:
      000056 72 1A 50 11      [ 1]  117 	bset PD_DDR,#UART3_TX_PIN ; tx pin
      00005A 72 1A 50 12      [ 1]  118 	bset PD_CR1,#UART3_TX_PIN ; push-pull output
      00005E 72 1A 50 13      [ 1]  119 	bset PD_CR2,#UART3_TX_PIN ; fast output
      000062                        120 config_baud:
      000062 CD 00 2F         [ 4]  121     call select_uart 
                                    122 ; check whick clock is active    
      000065 A6 B4            [ 1]  123     ld a,#CLK_SWR_HSE ; HSE clock 8Mhz 
      000067 C1 50 C3         [ 1]  124     cp a,CLK_CMSR
      00006A 26 06            [ 1]  125     jrne 4$ 
      00006C 90 AE 00 09      [ 2]  126     ldw y,#baud_fcy8
      000070 20 04            [ 2]  127     jra 5$
      000072 90 AE 00 1B      [ 2]  128 4$: ldw y,#baud_fcy16 
      000076 7B 05            [ 1]  129 5$: ld a,(BAUD,sp)
      000078 48               [ 1]  130     sll a 
      000079 6B 02            [ 1]  131     ld (ACC16+1,sp),a 
ASxxxx Assembler V02.00 + NoICE + SDCC mods  (STMicroelectronics STM8), page 3.
Hexadecimal [24-Bits]



      00007B 72 F9 01         [ 2]  132     addw y,(ACC16,sp) 
                                    133 ; now Y point to baud rate values for BRR1
                                    134 ; ***** BRR2 must be loaded before BRR1 *****
      00007E 90 E6 01         [ 1]  135     ld a,(1,y)
      000081 E7 03            [ 1]  136     ld (UART_BRR2,x),a  
      000083 90 F6            [ 1]  137     ld a,(y)
      000085 E7 02            [ 1]  138     ld (UART_BRR1,x),a 
                                    139 ; enable TX and RX but no interrupts
      000087 A6 0C            [ 1]  140     ld a,#((1<<UART_CR2_TEN)|(1<<UART_CR2_REN));|(1<<UART_CR2_RIEN))
      000089 E7 05            [ 1]  141     ld (UART_CR2,x),a 
      00008B 5B 02            [ 2]  142     addw sp,#LOCAL_SIZE 
      00008D 81               [ 4]  143     ret
                                    144 
                                    145 
                                    146 
                                    147 ;------------------------------------
                                    148 ;  serial port communication routines
                                    149 ;------------------------------------
                                    150 ;------------------------------------
                                    151 ; transmit character in a via UART3
                                    152 ; C prototype: char uart_putc(char c, unit8_t uart)
                                    153 ; input:
                                    154 ;   CHAR        stack argument 
                                    155 ;   UART_ID     stack argument
                                    156 ; output:
                                    157 ;   none 
                                    158 ;------------------------------------
                           000002   159     ARG_OFS=2
                           000003   160     CHAR=ARG_OFS+1
                           000004   161     UART_ID=ARG_OFS+2
      00008E                        162 _uart_putc::
      00008E                        163 uart_putc::
      00008E 7B 04            [ 1]  164     ld a,(UART_ID,sp)
      000090 CD 00 2F         [ 4]  165     call select_uart
      000093 A6 80            [ 1]  166 1$:	ld a,#(1<<UART_SR_TXE)
      000095 E4 00            [ 1]  167     and a,(UART_SR,x)
      000097 27 FA            [ 1]  168     jreq 1$
      000099 7B 03            [ 1]  169     ld a,(CHAR,sp)
      00009B E7 01            [ 1]  170 	ld (UART_DR,x),a
      00009D 81               [ 4]  171     ret
                                    172 
                                    173 ;------------------------------------
                                    174 ; print n spaces 
                                    175 ; C prototype: void uart_spaces(uint8_t n,uint8_t uart_id)
                                    176 ; input: 
                                    177 ;   n  		number of space to print 
                                    178 ;   uart_id   uart selector
                                    179 ; output:
                                    180 ;	none 
                                    181 ;------------------------------------
                           000002   182     ARG_OFS=2
                           000003   183     N=ARG_OFS+1
                           000004   184     UART=ARG_OFS+2
      00009E                        185 _uart_spaces::
      00009E                        186 uart_spaces::
ASxxxx Assembler V02.00 + NoICE + SDCC mods  (STMicroelectronics STM8), page 4.
Hexadecimal [24-Bits]



      00009E 0D 03            [ 1]  187 	tnz (N,sp)
      0000A0 27 0F            [ 1]  188     jreq 3$
      0000A2 7B 04            [ 1]  189     ld a,(UART,sp)
      0000A4 88               [ 1]  190     push a 
      0000A5 A6 20            [ 1]  191     ld a,#SPACE 
      0000A7 88               [ 1]  192     push a 
      0000A8 CD 00 8E         [ 4]  193     call uart_putc 
      0000AB 5B 02            [ 2]  194     addw sp,#2 
      0000AD 0A 03            [ 1]  195     dec (N,sp)
      0000AF 20 ED            [ 2]  196     jra uart_spaces 
      0000B1 81               [ 4]  197 3$: ret
                                    198 
                                    199 ;------------------------------------
                                    200 ; put string to uart channel
                                    201 ; C prototype: void uart_puts(char *str,uint8_t uart)
                                    202 ; input:
                                    203 ;   str         char *string to print
                                    204 ;   uart        uart identifier
                                    205 ; output:
                                    206 ;   none 
                                    207 ;------------------------------------
                           000006   208     ARG_OFS=6
                           000007   209     STR=ARG_OFS+1
                           000009   210     UART=ARG_OFS+3        
      0000B2                        211 _uart_puts::
      0000B2                        212 uart_puts::
      0000B2 89               [ 2]  213     pushw x 
      0000B3 90 89            [ 2]  214     pushw y
      0000B5 16 07            [ 2]  215     ldw y,(STR,sp) 
                                    216 ; check for null pointer  
      0000B7 90 A3 00 00      [ 2]  217 	cpw y,#0
      0000BB 27 10            [ 1]  218     jreq 1$ 
      0000BD 7B 09            [ 1]  219     ld a,(UART,sp)
      0000BF 88               [ 1]  220     push a 
      0000C0 90 F6            [ 1]  221 0$: ld a,(y)
      0000C2 27 09            [ 1]  222 	jreq 1$
      0000C4 88               [ 1]  223 	push a 
      0000C5 CD 00 8E         [ 4]  224     call uart_putc 
      0000C8 84               [ 1]  225     pop a  
      0000C9 90 5C            [ 1]  226 	incw y
      0000CB 20 F3            [ 2]  227 	jra 0$
      0000CD 84               [ 1]  228 1$: pop a 
      0000CE 90 85            [ 2]  229     popw y 
      0000D0 85               [ 2]  230     popw x 
      0000D1 81               [ 4]  231     ret
                                    232 
                                    233 ;------------------------------------
                                    234 ; check if char available
                                    235 ; return char if available else 0 
                                    236 ; C prototype: char uint8_t uart_query(uint8_t uart_id)
                                    237 ; input:
                                    238 ;   uart_id     uart identifier
                                    239 ; output:
                                    240 ;   A           0 = not char | char 
                                    241 ;------------------------------------
ASxxxx Assembler V02.00 + NoICE + SDCC mods  (STMicroelectronics STM8), page 5.
Hexadecimal [24-Bits]



                           000004   242     ARG_OFS=4
                           000005   243     UART=ARG_OFS+1
      0000D2                        244 _uart_query::
      0000D2                        245 uart_query::
      0000D2 89               [ 2]  246     pushw x 
      0000D3 7B 05            [ 1]  247     ld a,(UART,sp)
      0000D5 CD 00 2F         [ 4]  248     call select_uart 
      0000D8 A6 20            [ 1]  249 1$: ld a,#(1<<UART_SR_RXNE) 
      0000DA E4 00            [ 1]  250 	and a,(UART_SR,x)
      0000DC 27 02            [ 1]  251     jreq 2$
      0000DE E6 01            [ 1]  252     ld a,(UART_DR,x)
      0000E0 85               [ 2]  253 2$: popw x 
      0000E1 81               [ 4]  254     ret 
                                    255 
                                    256 ;------------------------------------
                                    257 ; wait for character from uart
                                    258 ; C prototype: char uart_getc(uint8_t uart_id)
                                    259 ; input:
                                    260 ;   uart_id     uart_identifier
                                    261 ; output:
                                    262 ;   A           character received 
                                    263 ;------------------------------------
                           000004   264     ARG_OFS=4
                           000005   265     UART=ARG_OFS+1 
      0000E2                        266 _uart_getc::       
      0000E2                        267 uart_getc::
      0000E2 89               [ 2]  268     pushw x
      0000E3 7B 05            [ 1]  269     ld a,(UART,sp)
      0000E5 CD 00 2F         [ 4]  270     call select_uart  
      0000E8 A6 20            [ 1]  271 1$:	ld a,#(1<<UART_SR_RXNE) 
      0000EA E4 00            [ 1]  272     and a,(UART_SR,x)
      0000EC 27 FA            [ 1]  273     jreq 1$
      0000EE E6 01            [ 1]  274 	ld a, (UART_DR,x) 
      0000F0 85               [ 2]  275 	popw x 
      0000F1 81               [ 4]  276     ret
                                    277 
                                    278 ;------------------------------------
                                    279 ; delete n character from input line
                                    280 ; C prototype: void uart_delete(uint8_t n,uint8_t uart_id)
                                    281 ; input:
                                    282 ;   n           number of characters to delete 
                                    283 ;   uart_id     uart identifier
                                    284 ; output:
                                    285 ;   none 
                                    286 ;------------------------------------
                           000002   287     ARG_OFS=2
                           000003   288     N=ARG_OFS+1 
                           000004   289     UART=ARG_OFS+2
      0000F2                        290 _uart_delete:: ; pour appel à partir de 'C'.
      0000F2                        291 uart_delete::
      0000F2                        292 del_loop:
      0000F2 0D 03            [ 1]  293 	tnz (N,sp)
      0000F4 27 1D            [ 1]  294 	jreq 1$
      0000F6 7B 04            [ 1]  295     ld a,(UART,sp)
      0000F8 88               [ 1]  296     push a 
ASxxxx Assembler V02.00 + NoICE + SDCC mods  (STMicroelectronics STM8), page 6.
Hexadecimal [24-Bits]



      0000F9 A6 08            [ 1]  297 	ld a,#BSP
      0000FB 88               [ 1]  298     push a 
      0000FC CD 00 8E         [ 4]  299 	call uart_putc
      0000FF A6 20            [ 1]  300     ld a,#SPACE
      000101 6B 01            [ 1]  301     ld (1,sp),a 
      000103 CD 00 8E         [ 4]  302     call uart_putc
      000106 A6 08            [ 1]  303     ld a,#BSP
      000108 6B 01            [ 1]  304     ld (1,sp),a 
      00010A CD 00 8E         [ 4]  305     call uart_putc 
      00010D 5B 02            [ 2]  306     addw sp,#2 
      00010F 0A 03            [ 1]  307     dec (N,sp)
      000111 20 DF            [ 2]  308     jra del_loop
      000113 81               [ 4]  309 1$: ret 
                                    310 
ASxxxx Assembler V02.00 + NoICE + SDCC mods  (STMicroelectronics STM8), page 7.
Hexadecimal [24-Bits]

Symbol Table

    .__.$$$.=  002710 L   |     .__.ABS.=  000000 G   |     .__.CPU.=  000000 L
    .__.H$L.=  000001 L   |     ACC16   =  000001     |     ADC_CR1 =  005401 
    ADC_CR1_=  000000     |     ADC_CR1_=  000001     |     ADC_CR1_=  000004 
    ADC_CR1_=  000005     |     ADC_CR1_=  000006     |     ADC_CR2 =  005402 
    ADC_CR2_=  000003     |     ADC_CR2_=  000004     |     ADC_CR2_=  000005 
    ADC_CR2_=  000006     |     ADC_CR2_=  000001     |     ADC_CR3 =  005403 
    ADC_CR3_=  000007     |     ADC_CR3_=  000006     |     ADC_CSR =  005400 
    ADC_CSR_=  000006     |     ADC_CSR_=  000004     |     ADC_CSR_=  000000 
    ADC_CSR_=  000001     |     ADC_CSR_=  000002     |     ADC_CSR_=  000003 
    ADC_CSR_=  000007     |     ADC_CSR_=  000005     |     ADC_DRH =  005404 
    ADC_DRL =  005405     |     ADC_TDRH=  005406     |     ADC_TDRL=  005407 
    AFR     =  004803     |     AFR0_ADC=  000000     |     AFR1_TIM=  000001 
    AFR2_CCO=  000002     |     AFR3_TIM=  000003     |     AFR4_TIM=  000004 
    AFR5_TIM=  000005     |     AFR6_I2C=  000006     |     AFR7_BEE=  000007 
    ARG_OFS =  000002     |     AWU_APR =  0050F1     |     AWU_CSR1=  0050F0 
    AWU_TBR =  0050F2     |     B0_MASK =  000001     |     B115200 =  000006 
    B19200  =  000003     |     B1_MASK =  000002     |     B230400 =  000007 
    B2400   =  000000     |     B2_MASK =  000004     |     B38400  =  000004 
    B3_MASK =  000008     |     B460800 =  000008     |     B4800   =  000001 
    B4_MASK =  000010     |     B57600  =  000005     |     B5_MASK =  000020 
    B6_MASK =  000040     |     B7_MASK =  000080     |     B921600 =  000009 
    B9600   =  000002     |     BAUD    =  000005     |     BEEP_BIT=  000004 
    BEEP_CSR=  0050F3     |     BEEP_MAS=  000010     |     BEEP_POR=  00000F 
    BELL    =  000007     |     BIT0    =  000000     |     BIT1    =  000001 
    BIT2    =  000002     |     BIT3    =  000003     |     BIT4    =  000004 
    BIT5    =  000005     |     BIT6    =  000006     |     BIT7    =  000007 
    BOOT_ROM=  006000     |     BOOT_ROM=  007FFF     |     BSP     =  000008 
    CAN_DGR =  005426     |     CAN_FPSR=  005427     |     CAN_IER =  005425 
    CAN_MCR =  005420     |     CAN_MSR =  005421     |     CAN_P0  =  005428 
    CAN_P1  =  005429     |     CAN_P2  =  00542A     |     CAN_P3  =  00542B 
    CAN_P4  =  00542C     |     CAN_P5  =  00542D     |     CAN_P6  =  00542E 
    CAN_P7  =  00542F     |     CAN_P8  =  005430     |     CAN_P9  =  005431 
    CAN_PA  =  005432     |     CAN_PB  =  005433     |     CAN_PC  =  005434 
    CAN_PD  =  005435     |     CAN_PE  =  005436     |     CAN_PF  =  005437 
    CAN_RFR =  005424     |     CAN_TPR =  005423     |     CAN_TSR =  005422 
    CC_C    =  000000     |     CC_H    =  000004     |     CC_I0   =  000003 
    CC_I1   =  000005     |     CC_N    =  000002     |     CC_V    =  000007 
    CC_Z    =  000001     |     CFG_GCR =  007F60     |     CFG_GCR_=  000001 
    CFG_GCR_=  000000     |     CHAR    =  000003     |     CLKOPT  =  004807 
    CLKOPT_C=  000002     |     CLKOPT_E=  000003     |     CLKOPT_P=  000000 
    CLKOPT_P=  000001     |     CLK_CCOR=  0050C9     |     CLK_CKDI=  0050C6 
    CLK_CKDI=  000000     |     CLK_CKDI=  000001     |     CLK_CKDI=  000002 
    CLK_CKDI=  000003     |     CLK_CKDI=  000004     |     CLK_CMSR=  0050C3 
    CLK_CSSR=  0050C8     |     CLK_ECKR=  0050C1     |     CLK_ECKR=  000000 
    CLK_ECKR=  000001     |     CLK_HSIT=  0050CC     |     CLK_ICKR=  0050C0 
    CLK_ICKR=  000002     |     CLK_ICKR=  000000     |     CLK_ICKR=  000001 
    CLK_ICKR=  000003     |     CLK_ICKR=  000004     |     CLK_ICKR=  000005 
    CLK_PCKE=  0050C7     |     CLK_PCKE=  000000     |     CLK_PCKE=  000001 
    CLK_PCKE=  000007     |     CLK_PCKE=  000005     |     CLK_PCKE=  000006 
    CLK_PCKE=  000004     |     CLK_PCKE=  000002     |     CLK_PCKE=  000003 
    CLK_PCKE=  0050CA     |     CLK_PCKE=  000003     |     CLK_PCKE=  000002 
    CLK_PCKE=  000007     |     CLK_SWCR=  0050C5     |     CLK_SWCR=  000000 
    CLK_SWCR=  000001     |     CLK_SWCR=  000002     |     CLK_SWCR=  000003 
    CLK_SWIM=  0050CD     |     CLK_SWR =  0050C4     |     CLK_SWR_=  0000B4 
    CLK_SWR_=  0000E1     |     CLK_SWR_=  0000D2     |     CPU_A   =  007F00 
ASxxxx Assembler V02.00 + NoICE + SDCC mods  (STMicroelectronics STM8), page 8.
Hexadecimal [24-Bits]

Symbol Table

    CPU_CCR =  007F0A     |     CPU_PCE =  007F01     |     CPU_PCH =  007F02 
    CPU_PCL =  007F03     |     CPU_SPH =  007F08     |     CPU_SPL =  007F09 
    CPU_XH  =  007F04     |     CPU_XL  =  007F05     |     CPU_YH  =  007F06 
    CPU_YL  =  007F07     |     CR      =  00000D     |     CTRL_A  =  000001 
    CTRL_B  =  000002     |     CTRL_C  =  000003     |     CTRL_D  =  000004 
    CTRL_E  =  000005     |     CTRL_F  =  000006     |     CTRL_G  =  000007 
    CTRL_H  =  000008     |     CTRL_I  =  000009     |     CTRL_J  =  00000A 
    CTRL_K  =  00000B     |     CTRL_L  =  00000C     |     CTRL_M  =  00000D 
    CTRL_N  =  00000E     |     CTRL_O  =  00000F     |     CTRL_P  =  000010 
    CTRL_Q  =  000011     |     CTRL_R  =  000012     |     CTRL_S  =  000013 
    CTRL_T  =  000014     |     CTRL_U  =  000015     |     CTRL_V  =  000016 
    CTRL_W  =  000017     |     CTRL_X  =  000018     |     CTRL_Y  =  000019 
    CTRL_Z  =  00001A     |     DEBUG_BA=  007F00     |     DEBUG_EN=  007FFF 
    DEVID_BA=  0048CD     |     DEVID_EN=  0048D8     |     DEVID_LO=  0048D2 
    DEVID_LO=  0048D3     |     DEVID_LO=  0048D4     |     DEVID_LO=  0048D5 
    DEVID_LO=  0048D6     |     DEVID_LO=  0048D7     |     DEVID_LO=  0048D8 
    DEVID_WA=  0048D1     |     DEVID_XH=  0048CE     |     DEVID_XL=  0048CD 
    DEVID_YH=  0048D0     |     DEVID_YL=  0048CF     |     DM_BK1RE=  007F90 
    DM_BK1RH=  007F91     |     DM_BK1RL=  007F92     |     DM_BK2RE=  007F93 
    DM_BK2RH=  007F94     |     DM_BK2RL=  007F95     |     DM_CR1  =  007F96 
    DM_CR2  =  007F97     |     DM_CSR1 =  007F98     |     DM_CSR2 =  007F99 
    DM_ENFCT=  007F9A     |     EEPROM_B=  004000     |     EEPROM_E=  0047FF 
    EEPROM_S=  000800     |     ESC     =  00001B     |     EXTI_CR1=  0050A0 
    EXTI_CR2=  0050A1     |     FF      =  00000C     |     FHSE    =  7A1200 
    FHSI    =  F42400     |     FLASH_BA=  008000     |     FLASH_CR=  00505A 
    FLASH_CR=  000002     |     FLASH_CR=  000000     |     FLASH_CR=  000003 
    FLASH_CR=  000001     |     FLASH_CR=  00505B     |     FLASH_CR=  000005 
    FLASH_CR=  000004     |     FLASH_CR=  000007     |     FLASH_CR=  000000 
    FLASH_CR=  000006     |     FLASH_DU=  005064     |     FLASH_DU=  0000AE 
    FLASH_DU=  000056     |     FLASH_EN=  027FFF     |     FLASH_FP=  00505D 
    FLASH_FP=  000000     |     FLASH_FP=  000001     |     FLASH_FP=  000002 
    FLASH_FP=  000003     |     FLASH_FP=  000004     |     FLASH_FP=  000005 
    FLASH_IA=  00505F     |     FLASH_IA=  000003     |     FLASH_IA=  000002 
    FLASH_IA=  000006     |     FLASH_IA=  000001     |     FLASH_IA=  000000 
    FLASH_NC=  00505C     |     FLASH_NF=  00505E     |     FLASH_NF=  000000 
    FLASH_NF=  000001     |     FLASH_NF=  000002     |     FLASH_NF=  000003 
    FLASH_NF=  000004     |     FLASH_NF=  000005     |     FLASH_PU=  005062 
    FLASH_PU=  000056     |     FLASH_PU=  0000AE     |     FLASH_SI=  020000 
    FLASH_WS=  00480D     |     FLSI    =  01F400     |     GPIO_BAS=  005000 
    GPIO_CR1=  000003     |     GPIO_CR2=  000004     |     GPIO_DDR=  000002 
    GPIO_IDR=  000001     |     GPIO_ODR=  000000     |     GPIO_SIZ=  000005 
    HSECNT  =  004809     |     I2C_CCRH=  00521C     |     I2C_CCRH=  000080 
    I2C_CCRH=  0000C0     |     I2C_CCRH=  000080     |     I2C_CCRH=  000000 
    I2C_CCRH=  000001     |     I2C_CCRH=  000000     |     I2C_CCRL=  00521B 
    I2C_CCRL=  00001A     |     I2C_CCRL=  000002     |     I2C_CCRL=  00000D 
    I2C_CCRL=  000050     |     I2C_CCRL=  000090     |     I2C_CCRL=  0000A0 
    I2C_CR1 =  005210     |     I2C_CR1_=  000006     |     I2C_CR1_=  000007 
    I2C_CR1_=  000000     |     I2C_CR2 =  005211     |     I2C_CR2_=  000002 
    I2C_CR2_=  000003     |     I2C_CR2_=  000000     |     I2C_CR2_=  000001 
    I2C_CR2_=  000007     |     I2C_DR  =  005216     |     I2C_FREQ=  005212 
    I2C_ITR =  00521A     |     I2C_ITR_=  000002     |     I2C_ITR_=  000000 
    I2C_ITR_=  000001     |     I2C_OARH=  005214     |     I2C_OARH=  000001 
    I2C_OARH=  000002     |     I2C_OARH=  000006     |     I2C_OARH=  000007 
    I2C_OARL=  005213     |     I2C_OARL=  000000     |     I2C_OAR_=  000813 
    I2C_OAR_=  000009     |     I2C_PECR=  00521E     |     I2C_READ=  000001 
ASxxxx Assembler V02.00 + NoICE + SDCC mods  (STMicroelectronics STM8), page 9.
Hexadecimal [24-Bits]

Symbol Table

    I2C_SR1 =  005217     |     I2C_SR1_=  000003     |     I2C_SR1_=  000001 
    I2C_SR1_=  000002     |     I2C_SR1_=  000006     |     I2C_SR1_=  000000 
    I2C_SR1_=  000004     |     I2C_SR1_=  000007     |     I2C_SR2 =  005218 
    I2C_SR2_=  000002     |     I2C_SR2_=  000001     |     I2C_SR2_=  000000 
    I2C_SR2_=  000003     |     I2C_SR2_=  000005     |     I2C_SR3 =  005219 
    I2C_SR3_=  000001     |     I2C_SR3_=  000007     |     I2C_SR3_=  000004 
    I2C_SR3_=  000000     |     I2C_SR3_=  000002     |     I2C_TRIS=  00521D 
    I2C_TRIS=  000005     |     I2C_TRIS=  000005     |     I2C_TRIS=  000005 
    I2C_TRIS=  000011     |     I2C_TRIS=  000011     |     I2C_TRIS=  000011 
    I2C_WRIT=  000000     |     INPUT_DI=  000000     |     INPUT_EI=  000001 
    INPUT_FL=  000000     |     INPUT_PU=  000001     |     INT_ADC2=  000016 
    INT_AUAR=  000012     |     INT_AWU =  000001     |     INT_CAN_=  000008 
    INT_CAN_=  000009     |     INT_CLK =  000002     |     INT_EXTI=  000003 
    INT_EXTI=  000004     |     INT_EXTI=  000005     |     INT_EXTI=  000006 
    INT_EXTI=  000007     |     INT_FLAS=  000018     |     INT_I2C =  000013 
    INT_SPI =  00000A     |     INT_TIM1=  00000C     |     INT_TIM1=  00000B 
    INT_TIM2=  00000E     |     INT_TIM2=  00000D     |     INT_TIM3=  000010 
    INT_TIM3=  00000F     |     INT_TIM4=  000017     |     INT_TLI =  000000 
    INT_UART=  000011     |     INT_UART=  000015     |     INT_UART=  000014 
    INT_VECT=  008060     |     INT_VECT=  00800C     |     INT_VECT=  008028 
    INT_VECT=  00802C     |     INT_VECT=  008010     |     INT_VECT=  008014 
    INT_VECT=  008018     |     INT_VECT=  00801C     |     INT_VECT=  008020 
    INT_VECT=  008024     |     INT_VECT=  008068     |     INT_VECT=  008054 
    INT_VECT=  008000     |     INT_VECT=  008030     |     INT_VECT=  008038 
    INT_VECT=  008034     |     INT_VECT=  008040     |     INT_VECT=  00803C 
    INT_VECT=  008048     |     INT_VECT=  008044     |     INT_VECT=  008064 
    INT_VECT=  008008     |     INT_VECT=  008004     |     INT_VECT=  008050 
    INT_VECT=  00804C     |     INT_VECT=  00805C     |     INT_VECT=  008058 
    ITC_SPR1=  007F70     |     ITC_SPR2=  007F71     |     ITC_SPR3=  007F72 
    ITC_SPR4=  007F73     |     ITC_SPR5=  007F74     |     ITC_SPR6=  007F75 
    ITC_SPR7=  007F76     |     ITC_SPR8=  007F77     |     IWDG_KR =  0050E0 
    IWDG_PR =  0050E1     |     IWDG_RLR=  0050E2     |     LED2_BIT=  000005 
    LED2_MAS=  000020     |     LED2_POR=  00500A     |     LOCAL_SI=  000002 
    N       =  000003     |     NAFR    =  004804     |     NCLKOPT =  004808 
    NFLASH_W=  00480E     |     NHSECNT =  00480A     |     NL      =  00000A 
    NOPT1   =  004802     |     NOPT2   =  004804     |     NOPT3   =  004806 
    NOPT4   =  004808     |     NOPT5   =  00480A     |     NOPT6   =  00480C 
    NOPT7   =  00480E     |     NOPTBL  =  00487F     |     NUBC    =  004802 
    NWDGOPT =  004806     |     NWDGOPT_=  FFFFFFFD     |     NWDGOPT_=  FFFFFFFC 
    NWDGOPT_=  FFFFFFFF     |     NWDGOPT_=  FFFFFFFE     |     OPT0    =  004800 
    OPT1    =  004801     |     OPT2    =  004803     |     OPT3    =  004805 
    OPT4    =  004807     |     OPT5    =  004809     |     OPT6    =  00480B 
    OPT7    =  00480D     |     OPTBL   =  00487E     |     OPTION_B=  004800 
    OPTION_E=  00487F     |     OUTPUT_F=  000001     |     OUTPUT_O=  000000 
    OUTPUT_P=  000001     |     OUTPUT_S=  000000     |     PA      =  000000 
    PA_BASE =  005000     |     PA_CR1  =  005003     |     PA_CR2  =  005004 
    PA_DDR  =  005002     |     PA_IDR  =  005001     |     PA_ODR  =  005000 
    PB      =  000005     |     PB_BASE =  005005     |     PB_CR1  =  005008 
    PB_CR2  =  005009     |     PB_DDR  =  005007     |     PB_IDR  =  005006 
    PB_ODR  =  005005     |     PC      =  00000A     |     PC_BASE =  00500A 
    PC_CR1  =  00500D     |     PC_CR2  =  00500E     |     PC_DDR  =  00500C 
    PC_IDR  =  00500B     |     PC_ODR  =  00500A     |     PD      =  00000F 
    PD_BASE =  00500F     |     PD_CR1  =  005012     |     PD_CR2  =  005013 
    PD_DDR  =  005011     |     PD_IDR  =  005010     |     PD_ODR  =  00500F 
    PE      =  000014     |     PE_BASE =  005014     |     PE_CR1  =  005017 
ASxxxx Assembler V02.00 + NoICE + SDCC mods  (STMicroelectronics STM8), page 10.
Hexadecimal [24-Bits]

Symbol Table

    PE_CR2  =  005018     |     PE_DDR  =  005016     |     PE_IDR  =  005015 
    PE_ODR  =  005014     |     PF      =  000019     |     PF_BASE =  005019 
    PF_CR1  =  00501C     |     PF_CR2  =  00501D     |     PF_DDR  =  00501B 
    PF_IDR  =  00501A     |     PF_ODR  =  005019     |     PG      =  00001E 
    PG_BASE =  00501E     |     PG_CR1  =  005021     |     PG_CR2  =  005022 
    PG_DDR  =  005020     |     PG_IDR  =  00501F     |     PG_ODR  =  00501E 
    PH_BASE =  005023     |     PH_CR1  =  005026     |     PH_CR2  =  005027 
    PH_DDR  =  005025     |     PH_IDR  =  005024     |     PH_ODR  =  005023 
    PI_BASE =  005028     |     PI_CR1  =  00502B     |     PI_CR2  =  00502C 
    PI_DDR  =  00502A     |     PI_IDR  =  005029     |     PI_ODR  =  005028 
    RAM_BASE=  000000     |     RAM_END =  0017FF     |     RAM_SIZE=  001800 
    ROP     =  004800     |     RST_SR  =  0050B3     |     SFR_BASE=  005000 
    SFR_END =  0057FF     |     SPACE   =  000020     |     SPI_CR1 =  005200 
    SPI_CR2 =  005201     |     SPI_CRCP=  005205     |     SPI_DR  =  005204 
    SPI_ICR =  005202     |     SPI_RXCR=  005206     |     SPI_SR  =  005203 
    SPI_TXCR=  005207     |     STR     =  000007     |     SWIM_CSR=  007F80 
    TAB     =  000009     |     TIM1_ARR=  005262     |     TIM1_ARR=  005263 
    TIM1_BKR=  00526D     |     TIM1_CCE=  00525C     |     TIM1_CCE=  00525D 
    TIM1_CCM=  005258     |     TIM1_CCM=  000000     |     TIM1_CCM=  000001 
    TIM1_CCM=  000004     |     TIM1_CCM=  000005     |     TIM1_CCM=  000006 
    TIM1_CCM=  000007     |     TIM1_CCM=  000002     |     TIM1_CCM=  000003 
    TIM1_CCM=  000007     |     TIM1_CCM=  000002     |     TIM1_CCM=  000004 
    TIM1_CCM=  000005     |     TIM1_CCM=  000006     |     TIM1_CCM=  000003 
    TIM1_CCM=  005259     |     TIM1_CCM=  000000     |     TIM1_CCM=  000001 
    TIM1_CCM=  000004     |     TIM1_CCM=  000005     |     TIM1_CCM=  000006 
    TIM1_CCM=  000007     |     TIM1_CCM=  000002     |     TIM1_CCM=  000003 
    TIM1_CCM=  000007     |     TIM1_CCM=  000002     |     TIM1_CCM=  000004 
    TIM1_CCM=  000005     |     TIM1_CCM=  000006     |     TIM1_CCM=  000003 
    TIM1_CCM=  00525A     |     TIM1_CCM=  000000     |     TIM1_CCM=  000001 
    TIM1_CCM=  000004     |     TIM1_CCM=  000005     |     TIM1_CCM=  000006 
    TIM1_CCM=  000007     |     TIM1_CCM=  000002     |     TIM1_CCM=  000003 
    TIM1_CCM=  000007     |     TIM1_CCM=  000002     |     TIM1_CCM=  000004 
    TIM1_CCM=  000005     |     TIM1_CCM=  000006     |     TIM1_CCM=  000003 
    TIM1_CCM=  00525B     |     TIM1_CCM=  000000     |     TIM1_CCM=  000001 
    TIM1_CCM=  000004     |     TIM1_CCM=  000005     |     TIM1_CCM=  000006 
    TIM1_CCM=  000007     |     TIM1_CCM=  000002     |     TIM1_CCM=  000003 
    TIM1_CCM=  000007     |     TIM1_CCM=  000002     |     TIM1_CCM=  000004 
    TIM1_CCM=  000005     |     TIM1_CCM=  000006     |     TIM1_CCM=  000003 
    TIM1_CCR=  005265     |     TIM1_CCR=  005266     |     TIM1_CCR=  005267 
    TIM1_CCR=  005268     |     TIM1_CCR=  005269     |     TIM1_CCR=  00526A 
    TIM1_CCR=  00526B     |     TIM1_CCR=  00526C     |     TIM1_CNT=  00525E 
    TIM1_CNT=  00525F     |     TIM1_CR1=  005250     |     TIM1_CR2=  005251 
    TIM1_CR2=  000000     |     TIM1_CR2=  000002     |     TIM1_CR2=  000004 
    TIM1_CR2=  000005     |     TIM1_CR2=  000006     |     TIM1_DTR=  00526E 
    TIM1_EGR=  005257     |     TIM1_EGR=  000007     |     TIM1_EGR=  000001 
    TIM1_EGR=  000002     |     TIM1_EGR=  000003     |     TIM1_EGR=  000004 
    TIM1_EGR=  000005     |     TIM1_EGR=  000006     |     TIM1_EGR=  000000 
    TIM1_ETR=  005253     |     TIM1_ETR=  000006     |     TIM1_ETR=  000000 
    TIM1_ETR=  000001     |     TIM1_ETR=  000002     |     TIM1_ETR=  000003 
    TIM1_ETR=  000007     |     TIM1_ETR=  000004     |     TIM1_ETR=  000005 
    TIM1_IER=  005254     |     TIM1_IER=  000007     |     TIM1_IER=  000001 
    TIM1_IER=  000002     |     TIM1_IER=  000003     |     TIM1_IER=  000004 
    TIM1_IER=  000005     |     TIM1_IER=  000006     |     TIM1_IER=  000000 
    TIM1_OIS=  00526F     |     TIM1_PSC=  005260     |     TIM1_PSC=  005261 
    TIM1_RCR=  005264     |     TIM1_SMC=  005252     |     TIM1_SMC=  000007 
ASxxxx Assembler V02.00 + NoICE + SDCC mods  (STMicroelectronics STM8), page 11.
Hexadecimal [24-Bits]

Symbol Table

    TIM1_SMC=  000000     |     TIM1_SMC=  000001     |     TIM1_SMC=  000002 
    TIM1_SMC=  000004     |     TIM1_SMC=  000005     |     TIM1_SMC=  000006 
    TIM1_SR1=  005255     |     TIM1_SR1=  000007     |     TIM1_SR1=  000001 
    TIM1_SR1=  000002     |     TIM1_SR1=  000003     |     TIM1_SR1=  000004 
    TIM1_SR1=  000005     |     TIM1_SR1=  000006     |     TIM1_SR1=  000000 
    TIM1_SR2=  005256     |     TIM1_SR2=  000001     |     TIM1_SR2=  000002 
    TIM1_SR2=  000003     |     TIM1_SR2=  000004     |     TIM2_ARR=  00530D 
    TIM2_ARR=  00530E     |     TIM2_CCE=  005308     |     TIM2_CCE=  005309 
    TIM2_CCM=  005305     |     TIM2_CCM=  005306     |     TIM2_CCM=  005307 
    TIM2_CCR=  00530F     |     TIM2_CCR=  005310     |     TIM2_CCR=  005311 
    TIM2_CCR=  005312     |     TIM2_CCR=  005313     |     TIM2_CCR=  005314 
    TIM2_CNT=  00530A     |     TIM2_CNT=  00530B     |     TIM2_CR1=  005300 
    TIM2_EGR=  005304     |     TIM2_IER=  005301     |     TIM2_PSC=  00530C 
    TIM2_SR1=  005302     |     TIM2_SR2=  005303     |     TIM3_ARR=  00532B 
    TIM3_ARR=  00532C     |     TIM3_CCE=  005327     |     TIM3_CCE=  000000 
    TIM3_CCE=  000001     |     TIM3_CCE=  000004     |     TIM3_CCE=  000005 
    TIM3_CCE=  000000     |     TIM3_CCE=  000001     |     TIM3_CCM=  005325 
    TIM3_CCM=  005326     |     TIM3_CCM=  000000     |     TIM3_CCM=  000004 
    TIM3_CCM=  000003     |     TIM3_CCR=  00532D     |     TIM3_CCR=  00532E 
    TIM3_CCR=  00532F     |     TIM3_CCR=  005330     |     TIM3_CNT=  005328 
    TIM3_CNT=  005329     |     TIM3_CR1=  005320     |     TIM3_CR1=  000007 
    TIM3_CR1=  000000     |     TIM3_CR1=  000003     |     TIM3_CR1=  000001 
    TIM3_CR1=  000002     |     TIM3_EGR=  005324     |     TIM3_IER=  005321 
    TIM3_PSC=  00532A     |     TIM3_SR1=  005322     |     TIM3_SR2=  005323 
    TIM4_ARR=  005346     |     TIM4_CNT=  005344     |     TIM4_CR1=  005340 
    TIM4_CR1=  000007     |     TIM4_CR1=  000000     |     TIM4_CR1=  000003 
    TIM4_CR1=  000001     |     TIM4_CR1=  000002     |     TIM4_EGR=  005343 
    TIM4_EGR=  000000     |     TIM4_IER=  005341     |     TIM4_IER=  000000 
    TIM4_PSC=  005345     |     TIM4_PSC=  000000     |     TIM4_PSC=  000007 
    TIM4_PSC=  000004     |     TIM4_PSC=  000001     |     TIM4_PSC=  000005 
    TIM4_PSC=  000002     |     TIM4_PSC=  000006     |     TIM4_PSC=  000003 
    TIM4_PSC=  000000     |     TIM4_PSC=  000001     |     TIM4_PSC=  000002 
    TIM4_SR =  005342     |     TIM4_SR_=  000000     |     TIM_CR1_=  000007 
    TIM_CR1_=  000000     |     TIM_CR1_=  000006     |     TIM_CR1_=  000005 
    TIM_CR1_=  000004     |     TIM_CR1_=  000003     |     TIM_CR1_=  000001 
    TIM_CR1_=  000002     |     UART    =  000004     |     UART1   =  000000 
    UART1_BA=  005230     |     UART1_BR=  005232     |     UART1_BR=  005233 
    UART1_CR=  005234     |     UART1_CR=  005235     |     UART1_CR=  005236 
    UART1_CR=  005237     |     UART1_CR=  005238     |     UART1_DR=  005231 
    UART1_GT=  005239     |     UART1_PO=  000000     |     UART1_PS=  00523A 
    UART1_RX=  000004     |     UART1_SR=  005230     |     UART1_TX=  000005 
    UART3   =  000001     |     UART3_BA=  005240     |     UART3_BR=  005242 
    UART3_BR=  005243     |     UART3_CR=  005244     |     UART3_CR=  005245 
    UART3_CR=  005246     |     UART3_CR=  005247     |     UART3_CR=  004249 
    UART3_DR=  005241     |     UART3_PO=  00000F     |     UART3_RX=  000006 
    UART3_SR=  005240     |     UART3_TX=  000005     |     UART_BRR=  000002 
    UART_BRR=  000003     |     UART_CR1=  000004     |     UART_CR1=  000004 
    UART_CR1=  000002     |     UART_CR1=  000000     |     UART_CR1=  000001 
    UART_CR1=  000007     |     UART_CR1=  000006     |     UART_CR1=  000005 
    UART_CR1=  000003     |     UART_CR2=  000005     |     UART_CR2=  000004 
    UART_CR2=  000002     |     UART_CR2=  000005     |     UART_CR2=  000001 
    UART_CR2=  000000     |     UART_CR2=  000006     |     UART_CR2=  000003 
    UART_CR2=  000007     |     UART_CR3=  000006     |     UART_CR3=  000003 
    UART_CR3=  000001     |     UART_CR3=  000002     |     UART_CR3=  000000 
    UART_CR3=  000006     |     UART_CR3=  000004     |     UART_CR3=  000005 
ASxxxx Assembler V02.00 + NoICE + SDCC mods  (STMicroelectronics STM8), page 12.
Hexadecimal [24-Bits]

Symbol Table

    UART_CR4=  000007     |     UART_CR4=  000000     |     UART_CR4=  000001 
    UART_CR4=  000002     |     UART_CR4=  000003     |     UART_CR4=  000004 
    UART_CR4=  000006     |     UART_CR4=  000005     |     UART_CR5=  000008 
    UART_CR5=  000003     |     UART_CR5=  000001     |     UART_CR5=  000002 
    UART_CR5=  000004     |     UART_CR5=  000005     |     UART_CR6=  000009 
    UART_CR6=  000004     |     UART_CR6=  000007     |     UART_CR6=  000001 
    UART_CR6=  000002     |     UART_CR6=  000000     |     UART_CR6=  000005 
    UART_DR =  000001     |     UART_GTR=  000009     |     UART_ID =  000004 
    UART_PSC=  00000A     |     UART_SR =  000000     |     UART_SR_=  000001 
    UART_SR_=  000004     |     UART_SR_=  000002     |     UART_SR_=  000003 
    UART_SR_=  000000     |     UART_SR_=  000005     |     UART_SR_=  000006 
    UART_SR_=  000007     |     UBC     =  004801     |     USR_BTN_=  000004 
    USR_BTN_=  000010     |     USR_BTN_=  005015     |     VT      =  00000B 
    WDGOPT  =  004805     |     WDGOPT_I=  000002     |     WDGOPT_L=  000003 
    WDGOPT_W=  000000     |     WDGOPT_W=  000001     |     WWDG_CR =  0050D1 
    WWDG_WR =  0050D2     |   2 _uart_de   0000F2 GR  |   2 _uart_ge   0000E2 GR
  2 _uart_in   000040 GR  |   2 _uart_pu   00008E GR  |   2 _uart_pu   0000B2 GR
  2 _uart_qu   0000D2 GR  |   2 _uart_sp   00009E GR  |   2 baud_fcy   00001B R
  2 baud_fcy   000009 R   |   2 config_b   000062 R   |   2 del_loop   0000F2 R
  2 select_u   00002F R   |   2 uart1      000048 R   |   2 uart3      000056 R
  2 uart_del   0000F2 GR  |   2 uart_get   0000E2 GR  |   2 uart_ini   000040 GR
  2 uart_put   00008E GR  |   2 uart_put   0000B2 GR  |   2 uart_que   0000D2 GR
  2 uart_reg   000005 R   |   2 uart_spa   00009E GR

ASxxxx Assembler V02.00 + NoICE + SDCC mods  (STMicroelectronics STM8), page 13.
Hexadecimal [24-Bits]

Area Table

   0 _CODE      size      0   flags    0
   1 DATA       size      0   flags    0
   2 CODE       size    114   flags    0

